<?xml version="1.0" encoding="UTF-8"?>
<!-- Generated by org.testng.reporters.JUnitReportReporter -->
<testsuite hostname="PENA4-VSP-045" failures="0" tests="2" name="RoiCompleteFlow" time="50.858" errors="0" timestamp="2020-03-02T16:23:36 IST" skipped="0">
  <testcase classname="RoiCompleteFlow" name="loginTest" time="15.969"/>
  <testcase classname="RoiCompleteFlow" name="createuser" time="34.889"/>
</testsuite> <!-- RoiCompleteFlow -->
