<?xml version="1.0" encoding="UTF-8"?>
<!-- Generated by org.testng.reporters.JUnitReportReporter -->
<testsuite hostname="seetharamu-pc" name="com.csq.pages.ReUpdateCycle" tests="1" failures="0" timestamp="9 Jul 2019 08:14:49 GMT" time="0.035" errors="0">
  <testcase name="cycleUpdateForAssessment" time="0.035" classname="com.csq.pages.ReUpdateCycle"/>
</testsuite> <!-- com.csq.pages.ReUpdateCycle -->
