<?xml version="1.0" encoding="UTF-8"?>
<!-- Generated by org.testng.reporters.JUnitReportReporter -->
<testsuite hostname="seetharamu-pc" name="com.csq.pages.UploadCustomers" tests="1" failures="0" timestamp="4 Jul 2019 06:03:39 GMT" time="75.689" errors="0">
  <testcase name="uplodtecutomersforsampling" time="75.689" classname="com.csq.pages.UploadCustomers"/>
</testsuite> <!-- com.csq.pages.UploadCustomers -->
