<?xml version="1.0" encoding="UTF-8"?>
<!-- Generated by org.testng.reporters.JUnitReportReporter -->
<testsuite hostname="seetharamu-pc" name="com.csq.pages.AdminAprove" tests="1" failures="0" timestamp="15 Mar 2019 05:59:22 GMT" time="56.039" errors="0">
  <testcase name="approveRequest" time="56.039" classname="com.csq.pages.AdminAprove"/>
</testsuite> <!-- com.csq.pages.AdminAprove -->
