<?xml version="1.0" encoding="UTF-8"?>
<!-- Generated by org.testng.reporters.JUnitReportReporter -->
<testsuite hostname="seetharamu-pc" name="com.csq.pages.DeleteData" tests="1" failures="0" timestamp="16 Jul 2019 10:49:43 GMT" time="4.629" errors="0">
  <testcase name="deleteRecentData" time="4.629" classname="com.csq.pages.DeleteData"/>
</testsuite> <!-- com.csq.pages.DeleteData -->
