<?xml version="1.0" encoding="UTF-8"?>
<!-- Generated by org.testng.reporters.JUnitReportReporter -->
<testsuite hostname="seetharamu-pc" name="com.csq.suites.HomeCsq" tests="2" failures="0" timestamp="19 Jul 2019 07:12:32 GMT" time="62.617" errors="0">
  <testcase name="registrationTest" time="37.104" classname="com.csq.suites.HomeCsq"/>
  <testcase name="adminApproveAccess" time="25.513" classname="com.csq.suites.HomeCsq"/>
</testsuite> <!-- com.csq.suites.HomeCsq -->
