<?xml version="1.0" encoding="UTF-8"?>
<!-- Generated by org.testng.reporters.JUnitReportReporter -->
<testsuite hostname="PENA4-VSP-045" failures="0" tests="1" name="example.NewTest" time="7.476" errors="0" timestamp="2021-08-17T12:13:13 IST" skipped="0">
  <testcase classname="example.NewTest" name="testEasy" time="7.476"/>
  <system-out/>
</testsuite> <!-- example.NewTest -->
